<?xml version="1.0" encoding="UTF-8"?>
<!-- Generated by org.testng.reporters.JUnitReportReporter -->
<testsuite hostname="MUTHURAMAN-LAPTOP" failures="0" tests="1" name="RedBus_Automation_Testing.RedBus_functional_testing.RedBus_Home_Page" time="5.567" errors="0" timestamp="2023-02-09T00:05:12 IST" skipped="0">
  <testcase classname="RedBus_Automation_Testing.RedBus_functional_testing.RedBus_Home_Page" name="Home_page" time="5.567"/>
  <system-out/>
</testsuite> <!-- RedBus_Automation_Testing.RedBus_functional_testing.RedBus_Home_Page -->
