<?xml version="1.0" encoding="UTF-8"?>
<!-- Generated by org.testng.reporters.JUnitReportReporter -->
<testsuite hostname="MUTHURAMAN-LAPTOP" failures="0" tests="1" name="Jio_saavn.Jio_saavn_Testing.JioSaavn_Testing" time="62.314" errors="0" timestamp="2023-02-10T00:05:04 IST" skipped="0">
  <testcase classname="Jio_saavn.Jio_saavn_Testing.JioSaavn_Testing" name="Testing_Jiosaavn" time="62.314"/>
  <system-out/>
</testsuite> <!-- Jio_saavn.Jio_saavn_Testing.JioSaavn_Testing -->
