<?xml version="1.0" encoding="UTF-8"?>
<!-- Generated by org.testng.reporters.JUnitReportReporter -->
<testsuite hostname="MUTHURAMAN-LAPTOP" failures="0" tests="1" name="JQuery_components_testing.Main_testing" time="19.868" errors="0" timestamp="2023-02-13T23:55:05 IST" skipped="0">
  <testcase classname="JQuery_components_testing.Main_testing" name="FileManager" time="19.868"/>
  <system-out/>
</testsuite> <!-- JQuery_components_testing.Main_testing -->
