<?xml version="1.0" encoding="UTF-8"?>
<!-- Generated by org.testng.reporters.JUnitReportReporter -->
<testsuite hostname="MUTHURAMAN-LAPTOP" failures="0" tests="1" name="Redbus_BusSeaching_Testcase.RedBus_Home_Page_Testcase" time="6.520" errors="0" timestamp="2023-02-09T19:00:26 IST" skipped="0">
  <testcase classname="Redbus_BusSeaching_Testcase.RedBus_Home_Page_Testcase" name="Home_page" time="6.520"/>
  <system-out/>
</testsuite> <!-- Redbus_BusSeaching_Testcase.RedBus_Home_Page_Testcase -->
