<?xml version="1.0" encoding="UTF-8"?>
<!-- Generated by org.testng.reporters.JUnitReportReporter -->
<testsuite hostname="MUTHURAMAN-LAPTOP" failures="0" tests="1" name="Redbus_BusSeaching.RedBus_Home_Page" time="8.520" errors="0" timestamp="2023-02-09T17:12:05 IST" skipped="0">
  <testcase classname="Redbus_BusSeaching.RedBus_Home_Page" name="Home_page" time="8.520"/>
  <system-out/>
</testsuite> <!-- Redbus_BusSeaching.RedBus_Home_Page -->
